2019-09-13 18:43:48,964 [Worker-4: Loading available Gradle versions] INFO  o.e.b.c.i.u.g.PublishedGradleVersions - Gradle version information cache is out-of-date. Trying to update.
2019-09-13 18:43:49,164 [Worker-4: Loading available Gradle versions] INFO  o.e.b.c.i.u.g.PublishedGradleVersions - Updating Gradle version information cache failed. Using outdated cache.
2019-10-11 09:45:17,733 [Worker-6: Loading available Gradle versions] INFO  o.e.b.c.i.u.g.PublishedGradleVersions - Gradle version information cache is up-to-date. Trying to read.
2019-10-11 11:28:59,833 [Worker-3: Loading available Gradle versions] INFO  o.e.b.c.i.u.g.PublishedGradleVersions - Gradle version information cache is up-to-date. Trying to read.
2019-10-11 11:29:41,515 [Worker-12: Creating maven-archetype-quickstart] INFO  o.e.m.c.i.p.ProjectConfigurationManager - Collecting project info '/pom.xml' /Users/mac/Desktop/java programs/seleniumprogram/selenium/com.btes.marketing/pom.xml
2019-10-11 11:29:42,705 [Worker-12: Creating maven-archetype-quickstart] INFO  o.e.m.c.i.l.LifecycleMappingFactory - Using org.eclipse.m2e.jdt.JarLifecycleMapping lifecycle mapping for MavenProject: com.btes:com.btes.marketing:0.0.1-SNAPSHOT @ /Users/mac/Desktop/java programs/seleniumprogram/selenium/com.btes.marketing/pom.xml.
2019-10-11 11:29:43,271 [Worker-12: Creating maven-archetype-quickstart] INFO  o.e.m.j.i.AbstractJavaProjectConfigurator - Adding source folder /com.btes.marketing/src/main/java
2019-10-11 11:29:43,283 [Worker-12: Creating maven-archetype-quickstart] INFO  o.e.m.j.i.AbstractJavaProjectConfigurator - Adding source folder /com.btes.marketing/src/test/java
2019-10-11 11:29:44,163 [Worker-12: Creating maven-archetype-quickstart] INFO  o.e.m.c.i.p.ProjectConfigurationManager - Imported and configured 1 project(s) in 2 sec
2019-10-11 11:29:44,766 [Worker-15: Building workspace] INFO  o.e.m.c.i.embedder.EclipseLogger - Using 'UTF-8' encoding to copy filtered resources.
2019-10-11 11:29:44,766 [Worker-15: Building workspace] INFO  o.e.m.c.i.embedder.EclipseLogger - skip non existing resourceDirectory /Users/mac/Desktop/java programs/seleniumprogram/selenium/com.btes.marketing/src/main/resources
2019-10-11 11:29:44,770 [Worker-15: Building workspace] INFO  o.e.m.c.i.embedder.EclipseLogger - Using 'UTF-8' encoding to copy filtered resources.
2019-10-11 11:29:44,770 [Worker-15: Building workspace] INFO  o.e.m.c.i.embedder.EclipseLogger - skip non existing resourceDirectory /Users/mac/Desktop/java programs/seleniumprogram/selenium/com.btes.marketing/src/test/resources
2019-10-11 11:29:52,160 [Worker-10: Building workspace] INFO  o.e.m.c.i.embedder.EclipseLogger - Using 'UTF-8' encoding to copy filtered resources.
2019-10-11 11:29:52,160 [Worker-10: Building workspace] INFO  o.e.m.c.i.embedder.EclipseLogger - skip non existing resourceDirectory /Users/mac/Desktop/java programs/seleniumprogram/selenium/com.btes.marketing/src/main/resources
2019-10-11 11:29:52,163 [Worker-10: Building workspace] INFO  o.e.m.c.i.embedder.EclipseLogger - Using 'UTF-8' encoding to copy filtered resources.
2019-10-11 11:29:52,163 [Worker-10: Building workspace] INFO  o.e.m.c.i.embedder.EclipseLogger - skip non existing resourceDirectory /Users/mac/Desktop/java programs/seleniumprogram/selenium/com.btes.marketing/src/test/resources
2019-10-11 11:30:03,206 [Worker-10: Building workspace] INFO  o.e.m.c.i.embedder.EclipseLogger - Using 'UTF-8' encoding to copy filtered resources.
2019-10-11 11:30:03,206 [Worker-10: Building workspace] INFO  o.e.m.c.i.embedder.EclipseLogger - skip non existing resourceDirectory /Users/mac/Desktop/java programs/seleniumprogram/selenium/com.btes.marketing/src/main/resources
2019-10-11 11:30:03,208 [Worker-10: Building workspace] INFO  o.e.m.c.i.embedder.EclipseLogger - Using 'UTF-8' encoding to copy filtered resources.
2019-10-11 11:30:03,209 [Worker-10: Building workspace] INFO  o.e.m.c.i.embedder.EclipseLogger - skip non existing resourceDirectory /Users/mac/Desktop/java programs/seleniumprogram/selenium/com.btes.marketing/src/test/resources
2019-10-11 11:30:12,984 [Worker-2: Building workspace] INFO  o.e.m.c.i.embedder.EclipseLogger - Using 'UTF-8' encoding to copy filtered resources.
2019-10-11 11:30:12,984 [Worker-2: Building workspace] INFO  o.e.m.c.i.embedder.EclipseLogger - skip non existing resourceDirectory /Users/mac/Desktop/java programs/seleniumprogram/selenium/com.btes.marketing/src/main/resources
2019-10-11 11:30:12,990 [Worker-2: Building workspace] INFO  o.e.m.c.i.embedder.EclipseLogger - Using 'UTF-8' encoding to copy filtered resources.
2019-10-11 11:30:12,990 [Worker-2: Building workspace] INFO  o.e.m.c.i.embedder.EclipseLogger - skip non existing resourceDirectory /Users/mac/Desktop/java programs/seleniumprogram/selenium/com.btes.marketing/src/test/resources
2019-10-11 11:30:22,355 [Worker-15: Building workspace] INFO  o.e.m.c.i.embedder.EclipseLogger - Using 'UTF-8' encoding to copy filtered resources.
2019-10-11 11:30:22,356 [Worker-15: Building workspace] INFO  o.e.m.c.i.embedder.EclipseLogger - skip non existing resourceDirectory /Users/mac/Desktop/java programs/seleniumprogram/selenium/com.btes.marketing/src/main/resources
2019-10-11 11:30:22,359 [Worker-15: Building workspace] INFO  o.e.m.c.i.embedder.EclipseLogger - Using 'UTF-8' encoding to copy filtered resources.
2019-10-11 11:30:22,359 [Worker-15: Building workspace] INFO  o.e.m.c.i.embedder.EclipseLogger - skip non existing resourceDirectory /Users/mac/Desktop/java programs/seleniumprogram/selenium/com.btes.marketing/src/test/resources
2019-10-11 11:30:40,929 [Worker-3: Building workspace] INFO  o.e.m.c.i.embedder.EclipseLogger - Using 'UTF-8' encoding to copy filtered resources.
2019-10-11 11:30:40,929 [Worker-3: Building workspace] INFO  o.e.m.c.i.embedder.EclipseLogger - skip non existing resourceDirectory /Users/mac/Desktop/java programs/seleniumprogram/selenium/com.btes.marketing/src/main/resources
2019-10-11 11:30:40,931 [Worker-3: Building workspace] INFO  o.e.m.c.i.embedder.EclipseLogger - Using 'UTF-8' encoding to copy filtered resources.
2019-10-11 11:30:40,932 [Worker-3: Building workspace] INFO  o.e.m.c.i.embedder.EclipseLogger - skip non existing resourceDirectory /Users/mac/Desktop/java programs/seleniumprogram/selenium/com.btes.marketing/src/test/resources
2019-10-11 11:31:24,319 [Worker-3: Building workspace] INFO  o.e.m.c.i.embedder.EclipseLogger - Using 'UTF-8' encoding to copy filtered resources.
2019-10-11 11:31:24,319 [Worker-3: Building workspace] INFO  o.e.m.c.i.embedder.EclipseLogger - skip non existing resourceDirectory /Users/mac/Desktop/java programs/seleniumprogram/selenium/com.btes.marketing/src/main/resources
2019-10-11 11:31:24,321 [Worker-3: Building workspace] INFO  o.e.m.c.i.embedder.EclipseLogger - Using 'UTF-8' encoding to copy filtered resources.
2019-10-11 11:31:24,321 [Worker-3: Building workspace] INFO  o.e.m.c.i.embedder.EclipseLogger - skip non existing resourceDirectory /Users/mac/Desktop/java programs/seleniumprogram/selenium/com.btes.marketing/src/test/resources
2019-10-11 11:31:45,619 [Worker-12: Building workspace] INFO  o.e.m.c.i.embedder.EclipseLogger - Using 'UTF-8' encoding to copy filtered resources.
2019-10-11 11:31:45,619 [Worker-12: Building workspace] INFO  o.e.m.c.i.embedder.EclipseLogger - skip non existing resourceDirectory /Users/mac/Desktop/java programs/seleniumprogram/selenium/com.btes.marketing/src/main/resources
2019-10-11 11:31:45,630 [Worker-12: Building workspace] INFO  o.e.m.c.i.embedder.EclipseLogger - Using 'UTF-8' encoding to copy filtered resources.
2019-10-11 11:31:45,631 [Worker-12: Building workspace] INFO  o.e.m.c.i.embedder.EclipseLogger - skip non existing resourceDirectory /Users/mac/Desktop/java programs/seleniumprogram/selenium/com.btes.marketing/src/test/resources
2019-10-11 11:31:55,468 [Worker-16: Building workspace] INFO  o.e.m.c.i.embedder.EclipseLogger - Using 'UTF-8' encoding to copy filtered resources.
2019-10-11 11:31:55,468 [Worker-16: Building workspace] INFO  o.e.m.c.i.embedder.EclipseLogger - skip non existing resourceDirectory /Users/mac/Desktop/java programs/seleniumprogram/selenium/com.btes.marketing/src/main/resources
2019-10-11 11:31:55,470 [Worker-16: Building workspace] INFO  o.e.m.c.i.embedder.EclipseLogger - Using 'UTF-8' encoding to copy filtered resources.
2019-10-11 11:31:55,470 [Worker-16: Building workspace] INFO  o.e.m.c.i.embedder.EclipseLogger - skip non existing resourceDirectory /Users/mac/Desktop/java programs/seleniumprogram/selenium/com.btes.marketing/src/test/resources
2019-10-11 11:33:50,896 [Worker-8: Building workspace] INFO  o.e.m.c.i.l.LifecycleMappingFactory - Using org.eclipse.m2e.jdt.JarLifecycleMapping lifecycle mapping for MavenProject: com.btes:com.btes.marketing:0.0.1-SNAPSHOT @ /Users/mac/Desktop/java programs/seleniumprogram/selenium/com.btes.marketing/pom.xml.
2019-10-11 11:33:51,257 [Worker-8: Building workspace] INFO  o.e.m.c.i.embedder.EclipseLogger - Using 'UTF-8' encoding to copy filtered resources.
2019-10-11 11:33:51,257 [Worker-8: Building workspace] INFO  o.e.m.c.i.embedder.EclipseLogger - skip non existing resourceDirectory /Users/mac/Desktop/java programs/seleniumprogram/selenium/com.btes.marketing/src/main/resources
2019-10-11 11:33:51,260 [Worker-8: Building workspace] INFO  o.e.m.c.i.embedder.EclipseLogger - Using 'UTF-8' encoding to copy filtered resources.
2019-10-11 11:33:51,261 [Worker-8: Building workspace] INFO  o.e.m.c.i.embedder.EclipseLogger - skip non existing resourceDirectory /Users/mac/Desktop/java programs/seleniumprogram/selenium/com.btes.marketing/src/test/resources
2019-10-11 11:33:52,597 [Worker-0: Building workspace] INFO  o.e.m.c.i.embedder.EclipseLogger - Using 'UTF-8' encoding to copy filtered resources.
2019-10-11 11:33:52,597 [Worker-0: Building workspace] INFO  o.e.m.c.i.embedder.EclipseLogger - skip non existing resourceDirectory /Users/mac/Desktop/java programs/seleniumprogram/selenium/com.btes.marketing/src/main/resources
2019-10-11 11:33:52,599 [Worker-0: Building workspace] INFO  o.e.m.c.i.embedder.EclipseLogger - Using 'UTF-8' encoding to copy filtered resources.
2019-10-11 11:33:52,599 [Worker-0: Building workspace] INFO  o.e.m.c.i.embedder.EclipseLogger - skip non existing resourceDirectory /Users/mac/Desktop/java programs/seleniumprogram/selenium/com.btes.marketing/src/test/resources
2019-10-18 19:24:45,889 [Worker-2: Loading available Gradle versions] INFO  o.e.b.c.i.u.g.PublishedGradleVersions - Gradle version information cache is out-of-date. Trying to update.
2019-10-18 19:24:46,104 [Worker-2: Loading available Gradle versions] INFO  o.e.b.c.i.u.g.PublishedGradleVersions - Updating Gradle version information cache failed. Using outdated cache.
2019-10-18 19:25:51,536 [Worker-2: Creating maven-archetype-quickstart] INFO  o.e.m.c.i.p.ProjectConfigurationManager - Collecting project info '/pom.xml' /Users/mac/Desktop/java programs/seleniumprogram/selenium/com.facebok/pom.xml
2019-10-18 19:25:52,594 [Worker-2: Creating maven-archetype-quickstart] INFO  o.e.m.c.i.l.LifecycleMappingFactory - Using org.eclipse.m2e.jdt.JarLifecycleMapping lifecycle mapping for MavenProject: com.facebook:com.facebok:0.0.1-SNAPSHOT @ /Users/mac/Desktop/java programs/seleniumprogram/selenium/com.facebok/pom.xml.
2019-10-18 19:25:52,977 [Worker-2: Creating maven-archetype-quickstart] INFO  o.e.m.j.i.AbstractJavaProjectConfigurator - Adding source folder /com.facebok/src/main/java
2019-10-18 19:25:52,982 [Worker-2: Creating maven-archetype-quickstart] INFO  o.e.m.j.i.AbstractJavaProjectConfigurator - Adding source folder /com.facebok/src/test/java
2019-10-18 19:25:53,168 [Worker-2: Creating maven-archetype-quickstart] INFO  o.e.m.c.i.p.ProjectConfigurationManager - Imported and configured 1 project(s) in 1 sec
2019-10-18 19:25:54,030 [Worker-5: Building workspace] INFO  o.e.m.c.i.embedder.EclipseLogger - Using 'UTF-8' encoding to copy filtered resources.
2019-10-18 19:25:54,031 [Worker-5: Building workspace] INFO  o.e.m.c.i.embedder.EclipseLogger - skip non existing resourceDirectory /Users/mac/Desktop/java programs/seleniumprogram/selenium/com.facebok/src/main/resources
2019-10-18 19:25:54,042 [Worker-5: Building workspace] INFO  o.e.m.c.i.embedder.EclipseLogger - Using 'UTF-8' encoding to copy filtered resources.
2019-10-18 19:25:54,042 [Worker-5: Building workspace] INFO  o.e.m.c.i.embedder.EclipseLogger - skip non existing resourceDirectory /Users/mac/Desktop/java programs/seleniumprogram/selenium/com.facebok/src/test/resources
2019-10-18 19:26:58,252 [Worker-6: Building workspace] INFO  o.e.m.c.i.embedder.EclipseLogger - Using 'UTF-8' encoding to copy filtered resources.
2019-10-18 19:26:58,252 [Worker-6: Building workspace] INFO  o.e.m.c.i.embedder.EclipseLogger - skip non existing resourceDirectory /Users/mac/Desktop/java programs/seleniumprogram/selenium/com.facebok/src/main/resources
2019-10-18 19:26:58,255 [Worker-6: Building workspace] INFO  o.e.m.c.i.embedder.EclipseLogger - Using 'UTF-8' encoding to copy filtered resources.
2019-10-18 19:26:58,255 [Worker-6: Building workspace] INFO  o.e.m.c.i.embedder.EclipseLogger - skip non existing resourceDirectory /Users/mac/Desktop/java programs/seleniumprogram/selenium/com.facebok/src/test/resources
2019-10-18 19:27:24,974 [Worker-12: Building workspace] INFO  o.e.m.c.i.embedder.EclipseLogger - Using 'UTF-8' encoding to copy filtered resources.
2019-10-18 19:27:24,975 [Worker-12: Building workspace] INFO  o.e.m.c.i.embedder.EclipseLogger - skip non existing resourceDirectory /Users/mac/Desktop/java programs/seleniumprogram/selenium/com.facebok/src/main/resources
2019-10-18 19:27:24,977 [Worker-12: Building workspace] INFO  o.e.m.c.i.embedder.EclipseLogger - Using 'UTF-8' encoding to copy filtered resources.
2019-10-18 19:27:24,977 [Worker-12: Building workspace] INFO  o.e.m.c.i.embedder.EclipseLogger - skip non existing resourceDirectory /Users/mac/Desktop/java programs/seleniumprogram/selenium/com.facebok/src/test/resources
2019-10-18 19:28:28,470 [Worker-2: Building workspace] INFO  o.e.m.c.i.embedder.EclipseLogger - Using 'UTF-8' encoding to copy filtered resources.
2019-10-18 19:28:28,470 [Worker-2: Building workspace] INFO  o.e.m.c.i.embedder.EclipseLogger - skip non existing resourceDirectory /Users/mac/Desktop/java programs/seleniumprogram/selenium/com.facebok/src/main/resources
2019-10-18 19:28:28,472 [Worker-2: Building workspace] INFO  o.e.m.c.i.embedder.EclipseLogger - Using 'UTF-8' encoding to copy filtered resources.
2019-10-18 19:28:28,473 [Worker-2: Building workspace] INFO  o.e.m.c.i.embedder.EclipseLogger - skip non existing resourceDirectory /Users/mac/Desktop/java programs/seleniumprogram/selenium/com.facebok/src/test/resources
2019-10-18 20:07:54,005 [Worker-13: Building workspace] INFO  o.e.m.c.i.embedder.EclipseLogger - Using 'UTF-8' encoding to copy filtered resources.
2019-10-18 20:07:54,005 [Worker-13: Building workspace] INFO  o.e.m.c.i.embedder.EclipseLogger - skip non existing resourceDirectory /Users/mac/Desktop/java programs/seleniumprogram/selenium/com.facebok/src/main/resources
2019-10-18 20:07:54,007 [Worker-13: Building workspace] INFO  o.e.m.c.i.embedder.EclipseLogger - Using 'UTF-8' encoding to copy filtered resources.
2019-10-18 20:07:54,007 [Worker-13: Building workspace] INFO  o.e.m.c.i.embedder.EclipseLogger - skip non existing resourceDirectory /Users/mac/Desktop/java programs/seleniumprogram/selenium/com.facebok/src/test/resources
2019-10-18 20:09:47,314 [Worker-6: Building workspace] INFO  o.e.m.c.i.embedder.EclipseLogger - Using 'UTF-8' encoding to copy filtered resources.
2019-10-18 20:09:47,315 [Worker-6: Building workspace] INFO  o.e.m.c.i.embedder.EclipseLogger - skip non existing resourceDirectory /Users/mac/Desktop/java programs/seleniumprogram/selenium/com.facebok/src/main/resources
2019-10-18 20:09:47,317 [Worker-6: Building workspace] INFO  o.e.m.c.i.embedder.EclipseLogger - Using 'UTF-8' encoding to copy filtered resources.
2019-10-18 20:09:47,317 [Worker-6: Building workspace] INFO  o.e.m.c.i.embedder.EclipseLogger - skip non existing resourceDirectory /Users/mac/Desktop/java programs/seleniumprogram/selenium/com.facebok/src/test/resources
2019-10-18 20:19:57,227 [Worker-9: Building workspace] INFO  o.e.m.c.i.embedder.EclipseLogger - Using 'UTF-8' encoding to copy filtered resources.
2019-10-18 20:19:57,227 [Worker-9: Building workspace] INFO  o.e.m.c.i.embedder.EclipseLogger - skip non existing resourceDirectory /Users/mac/Desktop/java programs/seleniumprogram/selenium/com.facebok/src/main/resources
2019-10-18 20:19:57,229 [Worker-9: Building workspace] INFO  o.e.m.c.i.embedder.EclipseLogger - Using 'UTF-8' encoding to copy filtered resources.
2019-10-18 20:19:57,229 [Worker-9: Building workspace] INFO  o.e.m.c.i.embedder.EclipseLogger - skip non existing resourceDirectory /Users/mac/Desktop/java programs/seleniumprogram/selenium/com.facebok/src/test/resources
2019-10-18 20:20:29,796 [Worker-6: Building workspace] INFO  o.e.m.c.i.embedder.EclipseLogger - Using 'UTF-8' encoding to copy filtered resources.
2019-10-18 20:20:29,798 [Worker-6: Building workspace] INFO  o.e.m.c.i.embedder.EclipseLogger - skip non existing resourceDirectory /Users/mac/Desktop/java programs/seleniumprogram/selenium/com.facebok/src/main/resources
2019-10-18 20:20:29,803 [Worker-6: Building workspace] INFO  o.e.m.c.i.embedder.EclipseLogger - Using 'UTF-8' encoding to copy filtered resources.
2019-10-18 20:20:29,804 [Worker-6: Building workspace] INFO  o.e.m.c.i.embedder.EclipseLogger - skip non existing resourceDirectory /Users/mac/Desktop/java programs/seleniumprogram/selenium/com.facebok/src/test/resources
2019-10-18 20:22:13,190 [Worker-15: Building workspace] INFO  o.e.m.c.i.embedder.EclipseLogger - Using 'UTF-8' encoding to copy filtered resources.
2019-10-18 20:22:13,191 [Worker-15: Building workspace] INFO  o.e.m.c.i.embedder.EclipseLogger - skip non existing resourceDirectory /Users/mac/Desktop/java programs/seleniumprogram/selenium/com.facebok/src/main/resources
2019-10-18 20:22:13,192 [Worker-15: Building workspace] INFO  o.e.m.c.i.embedder.EclipseLogger - Using 'UTF-8' encoding to copy filtered resources.
2019-10-18 20:22:13,192 [Worker-15: Building workspace] INFO  o.e.m.c.i.embedder.EclipseLogger - skip non existing resourceDirectory /Users/mac/Desktop/java programs/seleniumprogram/selenium/com.facebok/src/test/resources
2019-10-18 20:22:31,143 [Worker-6: Building workspace] INFO  o.e.m.c.i.embedder.EclipseLogger - Using 'UTF-8' encoding to copy filtered resources.
2019-10-18 20:22:31,144 [Worker-6: Building workspace] INFO  o.e.m.c.i.embedder.EclipseLogger - skip non existing resourceDirectory /Users/mac/Desktop/java programs/seleniumprogram/selenium/com.facebok/src/main/resources
2019-10-18 20:22:31,146 [Worker-6: Building workspace] INFO  o.e.m.c.i.embedder.EclipseLogger - Using 'UTF-8' encoding to copy filtered resources.
2019-10-18 20:22:31,146 [Worker-6: Building workspace] INFO  o.e.m.c.i.embedder.EclipseLogger - skip non existing resourceDirectory /Users/mac/Desktop/java programs/seleniumprogram/selenium/com.facebok/src/test/resources
2019-10-18 22:15:18,496 [Worker-19: Building workspace] INFO  o.e.m.c.i.embedder.EclipseLogger - Using 'UTF-8' encoding to copy filtered resources.
2019-10-18 22:15:18,498 [Worker-19: Building workspace] INFO  o.e.m.c.i.embedder.EclipseLogger - skip non existing resourceDirectory /Users/mac/Desktop/java programs/seleniumprogram/selenium/com.facebok/src/main/resources
2019-10-18 22:15:18,499 [Worker-19: Building workspace] INFO  o.e.m.c.i.embedder.EclipseLogger - Using 'UTF-8' encoding to copy filtered resources.
2019-10-18 22:15:18,500 [Worker-19: Building workspace] INFO  o.e.m.c.i.embedder.EclipseLogger - skip non existing resourceDirectory /Users/mac/Desktop/java programs/seleniumprogram/selenium/com.facebok/src/test/resources
2019-10-18 22:25:05,219 [Worker-7: Loading available Gradle versions] INFO  o.e.b.c.i.u.g.PublishedGradleVersions - Gradle version information cache is out-of-date. Trying to update.
2019-10-18 22:25:05,420 [Worker-7: Loading available Gradle versions] INFO  o.e.b.c.i.u.g.PublishedGradleVersions - Updating Gradle version information cache failed. Using outdated cache.
2019-10-18 22:26:04,391 [Worker-9: Building workspace] INFO  o.e.m.c.i.embedder.EclipseLogger - Using 'UTF-8' encoding to copy filtered resources.
2019-10-18 22:26:04,395 [Worker-9: Building workspace] INFO  o.e.m.c.i.embedder.EclipseLogger - skip non existing resourceDirectory /Users/mac/Desktop/java programs/seleniumprogram/selenium/com.facebok/src/main/resources
2019-10-18 22:26:04,399 [Worker-9: Building workspace] INFO  o.e.m.c.i.embedder.EclipseLogger - Using 'UTF-8' encoding to copy filtered resources.
2019-10-18 22:26:04,399 [Worker-9: Building workspace] INFO  o.e.m.c.i.embedder.EclipseLogger - skip non existing resourceDirectory /Users/mac/Desktop/java programs/seleniumprogram/selenium/com.facebok/src/test/resources
2019-10-18 22:26:22,434 [Worker-9: Building workspace] INFO  o.e.m.c.i.l.LifecycleMappingFactory - Using org.eclipse.m2e.jdt.JarLifecycleMapping lifecycle mapping for MavenProject: com.facebook:com.facebok:0.0.1-SNAPSHOT @ /Users/mac/Desktop/java programs/seleniumprogram/selenium/com.facebok/pom.xml.
2019-10-18 22:26:22,875 [Worker-9: Building workspace] INFO  o.e.m.c.i.embedder.EclipseLogger - Using 'UTF-8' encoding to copy filtered resources.
2019-10-18 22:26:22,875 [Worker-9: Building workspace] INFO  o.e.m.c.i.embedder.EclipseLogger - skip non existing resourceDirectory /Users/mac/Desktop/java programs/seleniumprogram/selenium/com.facebok/src/main/resources
2019-10-18 22:26:22,878 [Worker-9: Building workspace] INFO  o.e.m.c.i.embedder.EclipseLogger - Using 'UTF-8' encoding to copy filtered resources.
2019-10-18 22:26:22,878 [Worker-9: Building workspace] INFO  o.e.m.c.i.embedder.EclipseLogger - skip non existing resourceDirectory /Users/mac/Desktop/java programs/seleniumprogram/selenium/com.facebok/src/test/resources
2019-10-18 22:26:24,284 [Worker-7: Building workspace] INFO  o.e.m.c.i.embedder.EclipseLogger - Using 'UTF-8' encoding to copy filtered resources.
2019-10-18 22:26:24,285 [Worker-7: Building workspace] INFO  o.e.m.c.i.embedder.EclipseLogger - skip non existing resourceDirectory /Users/mac/Desktop/java programs/seleniumprogram/selenium/com.facebok/src/main/resources
2019-10-18 22:26:24,288 [Worker-7: Building workspace] INFO  o.e.m.c.i.embedder.EclipseLogger - Using 'UTF-8' encoding to copy filtered resources.
2019-10-18 22:26:24,288 [Worker-7: Building workspace] INFO  o.e.m.c.i.embedder.EclipseLogger - skip non existing resourceDirectory /Users/mac/Desktop/java programs/seleniumprogram/selenium/com.facebok/src/test/resources
2019-10-18 22:26:54,260 [Worker-12: Building workspace] INFO  o.e.m.c.i.embedder.EclipseLogger - Using 'UTF-8' encoding to copy filtered resources.
2019-10-18 22:26:54,260 [Worker-12: Building workspace] INFO  o.e.m.c.i.embedder.EclipseLogger - skip non existing resourceDirectory /Users/mac/Desktop/java programs/seleniumprogram/selenium/com.facebok/src/main/resources
2019-10-18 22:26:54,262 [Worker-12: Building workspace] INFO  o.e.m.c.i.embedder.EclipseLogger - Using 'UTF-8' encoding to copy filtered resources.
2019-10-18 22:26:54,263 [Worker-12: Building workspace] INFO  o.e.m.c.i.embedder.EclipseLogger - skip non existing resourceDirectory /Users/mac/Desktop/java programs/seleniumprogram/selenium/com.facebok/src/test/resources
